D:\WORKSPACES_C\靶子\靶子\DEBUG\靶子.OBJ
D:\WORKSPACES_C\靶子\靶子\DEBUG\VC110.PDB
D:\WORKSPACES_C\靶子\DEBUG\靶子.ILK
D:\WORKSPACES_C\靶子\DEBUG\靶子.EXE
D:\WORKSPACES_C\靶子\DEBUG\靶子.PDB
D:\workspaces_c\靶子\靶子\Debug\靶子.obj
D:\workspaces_c\靶子\靶子\Debug\cl.command.1.tlog
D:\workspaces_c\靶子\靶子\Debug\CL.read.1.tlog
D:\workspaces_c\靶子\靶子\Debug\CL.write.1.tlog
D:\workspaces_c\靶子\靶子\Debug\link-cvtres.read.1.tlog
D:\workspaces_c\靶子\靶子\Debug\link-cvtres.write.1.tlog
D:\workspaces_c\靶子\靶子\Debug\link-rc.read.1.tlog
D:\workspaces_c\靶子\靶子\Debug\link-rc.write.1.tlog
D:\workspaces_c\靶子\靶子\Debug\link.command.1.tlog
D:\workspaces_c\靶子\靶子\Debug\link.read.1.tlog
D:\workspaces_c\靶子\靶子\Debug\link.write.1.tlog
D:\workspaces_c\靶子\靶子\Debug\vc110.idb
D:\workspaces_c\靶子\靶子\Debug\vc110.pdb
D:\workspaces_c\靶子\Debug\靶子.pdb
D:\workspaces_c\靶子\Debug\靶子.exe
D:\workspaces_c\靶子\Debug\靶子.ilk
